The system is: Linux - 3.10.0-1062.el7.x86_64 - x86_64
Compiling the CXX compiler identification source file "CMakeCXXCompilerId.cpp" succeeded.
Compiler: /usr/bin/c++ 
Build flags: 
Id flags:  

The output was:
0


Compilation of the CXX compiler identification source "CMakeCXXCompilerId.cpp" produced "a.out"

The CXX compiler identification is GNU, found in "/users/bblinn/pt_inv/build/CMakeFiles/3.10.1/CompilerIdCXX/a.out"

Compiling the CUDA compiler identification source file "CMakeCUDACompilerId.cu" succeeded.
Compiler: /gpfs/runtime/opt/cuda/11.1.1/cuda/bin/nvcc 
Build flags: 
Id flags:  -v;--keep;--keep-dir;tmp

The output was:
0
#$ _NVVM_BRANCH_=nvvm
#$ _SPACE_= 
#$ _CUDART_=cudart
#$ _HERE_=/gpfs/runtime/opt/cuda/11.1.1/cuda/bin
#$ _THERE_=/gpfs/runtime/opt/cuda/11.1.1/cuda/bin
#$ _TARGET_SIZE_=
#$ _TARGET_DIR_=
#$ _TARGET_DIR_=targets/x86_64-linux
#$ TOP=/gpfs/runtime/opt/cuda/11.1.1/cuda/bin/..
#$ NVVMIR_LIBRARY_DIR=/gpfs/runtime/opt/cuda/11.1.1/cuda/bin/../nvvm/libdevice
#$ LD_LIBRARY_PATH=/gpfs/runtime/opt/cuda/11.1.1/cuda/bin/../lib:/gpfs/runtime/opt/cuda/11.1.1/cuda/lib64:/gpfs/runtime/opt/cuda/11.1.1/src/lib64:/gpfs/runtime/opt/intel/2017.0/lib/intel64:/gpfs/runtime/opt/intel/2017.0/mkl/lib/intel64:/gpfs/runtime/opt/python/2.7.12/lib:/gpfs/runtime/opt/java/8u111/jre/lib/amd64
#$ PATH=/gpfs/runtime/opt/cuda/11.1.1/cuda/bin/../nvvm/bin:/gpfs/runtime/opt/cuda/11.1.1/cuda/bin:/gpfs/runtime/opt/cmake/3.10.1/bin:/gpfs/runtime/opt/cuda/11.1.1/cuda/bin:/gpfs/runtime/opt/anaconda/2020.02/bin:/users/bblinn/anaconda/myclone/bin:/gpfs/runtime/opt/anaconda/2020.02/condabin:/gpfs/runtime/opt/intel/2017.0/bin:/gpfs/runtime/opt/python/2.7.12/bin:/gpfs/runtime/opt/matlab/R2017b/bin:/gpfs/runtime/opt/java/8u111/bin:/usr/lib64/qt-3.3/bin:/usr/local/bin:/usr/bin:/usr/local/sbin:/usr/sbin:/usr/lpp/mmfs/bin:/usr/lpp/mmfs/sbin:/opt/ibutils/bin:/gpfs/runtime/bin:/users/bblinn/bin
#$ INCLUDES="-I/gpfs/runtime/opt/cuda/11.1.1/cuda/bin/../targets/x86_64-linux/include"  
#$ LIBRARIES=  "-L/gpfs/runtime/opt/cuda/11.1.1/cuda/bin/../targets/x86_64-linux/lib/stubs" "-L/gpfs/runtime/opt/cuda/11.1.1/cuda/bin/../targets/x86_64-linux/lib"
#$ CUDAFE_FLAGS=
#$ PTXAS_FLAGS=
#$ rm tmp/a_dlink.reg.c
#$ gcc -D__CUDA_ARCH__=520 -E -x c++  -DCUDA_DOUBLE_MATH_FUNCTIONS -D__CUDACC__ -D__NVCC__  "-I/gpfs/runtime/opt/cuda/11.1.1/cuda/bin/../targets/x86_64-linux/include"    -D__CUDACC_VER_MAJOR__=11 -D__CUDACC_VER_MINOR__=1 -D__CUDACC_VER_BUILD__=105 -D__CUDA_API_VER_MAJOR__=11 -D__CUDA_API_VER_MINOR__=1 -include "cuda_runtime.h" -m64 "CMakeCUDACompilerId.cu" -o "tmp/CMakeCUDACompilerId.cpp1.ii" 
#$ cicc --gnu_version=40805 --orig_src_file_name "CMakeCUDACompilerId.cu" --allow_managed   -arch compute_52 -m64 -ftz=0 -prec_div=1 -prec_sqrt=1 -fmad=1 --include_file_name "CMakeCUDACompilerId.fatbin.c" -tused -nvvmir-library "/gpfs/runtime/opt/cuda/11.1.1/cuda/bin/../nvvm/libdevice/libdevice.10.bc" --gen_module_id_file --module_id_file_name "tmp/CMakeCUDACompilerId.module_id" --gen_c_file_name "tmp/CMakeCUDACompilerId.cudafe1.c" --stub_file_name "tmp/CMakeCUDACompilerId.cudafe1.stub.c" --gen_device_file_name "tmp/CMakeCUDACompilerId.cudafe1.gpu"  "tmp/CMakeCUDACompilerId.cpp1.ii" -o "tmp/CMakeCUDACompilerId.ptx"
#$ ptxas -arch=sm_52 -m64  "tmp/CMakeCUDACompilerId.ptx"  -o "tmp/CMakeCUDACompilerId.sm_52.cubin" 
#$ fatbinary --create="tmp/CMakeCUDACompilerId.fatbin" -64 --cicc-cmdline="-ftz=0 -prec_div=1 -prec_sqrt=1 -fmad=1 " "--image3=kind=elf,sm=52,file=tmp/CMakeCUDACompilerId.sm_52.cubin" "--image3=kind=ptx,sm=52,file=tmp/CMakeCUDACompilerId.ptx" --embedded-fatbin="tmp/CMakeCUDACompilerId.fatbin.c" 
#$ gcc -E -x c++ -D__CUDACC__ -D__NVCC__  "-I/gpfs/runtime/opt/cuda/11.1.1/cuda/bin/../targets/x86_64-linux/include"    -D__CUDACC_VER_MAJOR__=11 -D__CUDACC_VER_MINOR__=1 -D__CUDACC_VER_BUILD__=105 -D__CUDA_API_VER_MAJOR__=11 -D__CUDA_API_VER_MINOR__=1 -include "cuda_runtime.h" -m64 "CMakeCUDACompilerId.cu" -o "tmp/CMakeCUDACompilerId.cpp4.ii" 
#$ cudafe++ --gnu_version=40805 --orig_src_file_name "CMakeCUDACompilerId.cu" --allow_managed  --m64 --parse_templates --gen_c_file_name "tmp/CMakeCUDACompilerId.cudafe1.cpp" --stub_file_name "CMakeCUDACompilerId.cudafe1.stub.c" --module_id_file_name "tmp/CMakeCUDACompilerId.module_id" "tmp/CMakeCUDACompilerId.cpp4.ii" 
#$ gcc -D__CUDA_ARCH__=520 -c -x c++  -DCUDA_DOUBLE_MATH_FUNCTIONS "-I/gpfs/runtime/opt/cuda/11.1.1/cuda/bin/../targets/x86_64-linux/include"   -m64 "tmp/CMakeCUDACompilerId.cudafe1.cpp" -o "tmp/CMakeCUDACompilerId.o" 
#$ nvlink --arch=sm_52 --register-link-binaries="tmp/a_dlink.reg.c"  -m64   "-L/gpfs/runtime/opt/cuda/11.1.1/cuda/bin/../targets/x86_64-linux/lib/stubs" "-L/gpfs/runtime/opt/cuda/11.1.1/cuda/bin/../targets/x86_64-linux/lib" -cpu-arch=X86_64 "tmp/CMakeCUDACompilerId.o"  -lcudadevrt  -o "tmp/a_dlink.sm_52.cubin"
#$ fatbinary --create="tmp/a_dlink.fatbin" -64 --cicc-cmdline="-ftz=0 -prec_div=1 -prec_sqrt=1 -fmad=1 " -link "--image3=kind=elf,sm=52,file=tmp/a_dlink.sm_52.cubin" --embedded-fatbin="tmp/a_dlink.fatbin.c" 
#$ gcc -c -x c++ -DFATBINFILE="\"tmp/a_dlink.fatbin.c\"" -DREGISTERLINKBINARYFILE="\"tmp/a_dlink.reg.c\"" -I. -D__NV_EXTRA_INITIALIZATION= -D__NV_EXTRA_FINALIZATION= -D__CUDA_INCLUDE_COMPILER_INTERNAL_HEADERS__  "-I/gpfs/runtime/opt/cuda/11.1.1/cuda/bin/../targets/x86_64-linux/include"    -D__CUDACC_VER_MAJOR__=11 -D__CUDACC_VER_MINOR__=1 -D__CUDACC_VER_BUILD__=105 -D__CUDA_API_VER_MAJOR__=11 -D__CUDA_API_VER_MINOR__=1 -m64 "/gpfs/runtime/opt/cuda/11.1.1/cuda/bin/crt/link.stub" -o "tmp/a_dlink.o" 
#$ g++ -m64 -Wl,--start-group "tmp/a_dlink.o" "tmp/CMakeCUDACompilerId.o"   "-L/gpfs/runtime/opt/cuda/11.1.1/cuda/bin/../targets/x86_64-linux/lib/stubs" "-L/gpfs/runtime/opt/cuda/11.1.1/cuda/bin/../targets/x86_64-linux/lib"  -lcudadevrt  -lcudart_static  -lrt -lpthread  -ldl  -Wl,--end-group -o "a.out" 


Compilation of the CUDA compiler identification source "CMakeCUDACompilerId.cu" produced "a.out"

The CUDA compiler identification is NVIDIA, found in "/users/bblinn/pt_inv/build/CMakeFiles/3.10.1/CompilerIdCUDA/a.out"

Parsed CUDA nvcc implicit link information from above output:
  found 'PATH=' string: [/gpfs/runtime/opt/cuda/11.1.1/cuda/bin/../nvvm/bin:/gpfs/runtime/opt/cuda/11.1.1/cuda/bin:/gpfs/runtime/opt/cmake/3.10.1/bin:/gpfs/runtime/opt/cuda/11.1.1/cuda/bin:/gpfs/runtime/opt/anaconda/2020.02/bin:/users/bblinn/anaconda/myclone/bin:/gpfs/runtime/opt/anaconda/2020.02/condabin:/gpfs/runtime/opt/intel/2017.0/bin:/gpfs/runtime/opt/python/2.7.12/bin:/gpfs/runtime/opt/matlab/R2017b/bin:/gpfs/runtime/opt/java/8u111/bin:/usr/lib64/qt-3.3/bin:/usr/local/bin:/usr/bin:/usr/local/sbin:/usr/sbin:/usr/lpp/mmfs/bin:/usr/lpp/mmfs/sbin:/opt/ibutils/bin:/gpfs/runtime/bin:/users/bblinn/bin]
  found 'LIBRARIES=' string: ["-L/gpfs/runtime/opt/cuda/11.1.1/cuda/bin/../targets/x86_64-linux/lib/stubs" "-L/gpfs/runtime/opt/cuda/11.1.1/cuda/bin/../targets/x86_64-linux/lib"]
  considering line: [#$ rm tmp/a_dlink.reg.c]
  considering line: [gcc -D__CUDA_ARCH__=520 -E -x c++  -DCUDA_DOUBLE_MATH_FUNCTIONS -D__CUDACC__ -D__NVCC__  "-I/gpfs/runtime/opt/cuda/11.1.1/cuda/bin/../targets/x86_64-linux/include"    -D__CUDACC_VER_MAJOR__=11 -D__CUDACC_VER_MINOR__=1 -D__CUDACC_VER_BUILD__=105 -D__CUDA_API_VER_MAJOR__=11 -D__CUDA_API_VER_MINOR__=1 -include "cuda_runtime.h" -m64 "CMakeCUDACompilerId.cu" -o "tmp/CMakeCUDACompilerId.cpp1.ii" ]
  considering line: [cicc --gnu_version=40805 --orig_src_file_name "CMakeCUDACompilerId.cu" --allow_managed   -arch compute_52 -m64 -ftz=0 -prec_div=1 -prec_sqrt=1 -fmad=1 --include_file_name "CMakeCUDACompilerId.fatbin.c" -tused -nvvmir-library "/gpfs/runtime/opt/cuda/11.1.1/cuda/bin/../nvvm/libdevice/libdevice.10.bc" --gen_module_id_file --module_id_file_name "tmp/CMakeCUDACompilerId.module_id" --gen_c_file_name "tmp/CMakeCUDACompilerId.cudafe1.c" --stub_file_name "tmp/CMakeCUDACompilerId.cudafe1.stub.c" --gen_device_file_name "tmp/CMakeCUDACompilerId.cudafe1.gpu"  "tmp/CMakeCUDACompilerId.cpp1.ii" -o "tmp/CMakeCUDACompilerId.ptx"]
  considering line: [ptxas -arch=sm_52 -m64  "tmp/CMakeCUDACompilerId.ptx"  -o "tmp/CMakeCUDACompilerId.sm_52.cubin" ]
  considering line: [fatbinary --create="tmp/CMakeCUDACompilerId.fatbin" -64 --cicc-cmdline="-ftz=0 -prec_div=1 -prec_sqrt=1 -fmad=1 " "--image3=kind=elf,sm=52,file=tmp/CMakeCUDACompilerId.sm_52.cubin" "--image3=kind=ptx,sm=52,file=tmp/CMakeCUDACompilerId.ptx" --embedded-fatbin="tmp/CMakeCUDACompilerId.fatbin.c" ]
  considering line: [gcc -E -x c++ -D__CUDACC__ -D__NVCC__  "-I/gpfs/runtime/opt/cuda/11.1.1/cuda/bin/../targets/x86_64-linux/include"    -D__CUDACC_VER_MAJOR__=11 -D__CUDACC_VER_MINOR__=1 -D__CUDACC_VER_BUILD__=105 -D__CUDA_API_VER_MAJOR__=11 -D__CUDA_API_VER_MINOR__=1 -include "cuda_runtime.h" -m64 "CMakeCUDACompilerId.cu" -o "tmp/CMakeCUDACompilerId.cpp4.ii" ]
  considering line: [cudafe++ --gnu_version=40805 --orig_src_file_name "CMakeCUDACompilerId.cu" --allow_managed  --m64 --parse_templates --gen_c_file_name "tmp/CMakeCUDACompilerId.cudafe1.cpp" --stub_file_name "CMakeCUDACompilerId.cudafe1.stub.c" --module_id_file_name "tmp/CMakeCUDACompilerId.module_id" "tmp/CMakeCUDACompilerId.cpp4.ii" ]
  considering line: [gcc -D__CUDA_ARCH__=520 -c -x c++  -DCUDA_DOUBLE_MATH_FUNCTIONS "-I/gpfs/runtime/opt/cuda/11.1.1/cuda/bin/../targets/x86_64-linux/include"   -m64 "tmp/CMakeCUDACompilerId.cudafe1.cpp" -o "tmp/CMakeCUDACompilerId.o" ]
  considering line: [nvlink --arch=sm_52 --register-link-binaries="tmp/a_dlink.reg.c"  -m64   "-L/gpfs/runtime/opt/cuda/11.1.1/cuda/bin/../targets/x86_64-linux/lib/stubs" "-L/gpfs/runtime/opt/cuda/11.1.1/cuda/bin/../targets/x86_64-linux/lib" -cpu-arch=X86_64 "tmp/CMakeCUDACompilerId.o"  -lcudadevrt  -o "tmp/a_dlink.sm_52.cubin"]
    ignoring nvlink line
  considering line: [fatbinary --create="tmp/a_dlink.fatbin" -64 --cicc-cmdline="-ftz=0 -prec_div=1 -prec_sqrt=1 -fmad=1 " -link "--image3=kind=elf,sm=52,file=tmp/a_dlink.sm_52.cubin" --embedded-fatbin="tmp/a_dlink.fatbin.c" ]
  considering line: [gcc -c -x c++ -DFATBINFILE="\"tmp/a_dlink.fatbin.c\"" -DREGISTERLINKBINARYFILE="\"tmp/a_dlink.reg.c\"" -I. -D__NV_EXTRA_INITIALIZATION= -D__NV_EXTRA_FINALIZATION= -D__CUDA_INCLUDE_COMPILER_INTERNAL_HEADERS__  "-I/gpfs/runtime/opt/cuda/11.1.1/cuda/bin/../targets/x86_64-linux/include"    -D__CUDACC_VER_MAJOR__=11 -D__CUDACC_VER_MINOR__=1 -D__CUDACC_VER_BUILD__=105 -D__CUDA_API_VER_MAJOR__=11 -D__CUDA_API_VER_MINOR__=1 -m64 "/gpfs/runtime/opt/cuda/11.1.1/cuda/bin/crt/link.stub" -o "tmp/a_dlink.o" ]
  considering line: [g++ -m64 -Wl,--start-group "tmp/a_dlink.o" "tmp/CMakeCUDACompilerId.o"   "-L/gpfs/runtime/opt/cuda/11.1.1/cuda/bin/../targets/x86_64-linux/lib/stubs" "-L/gpfs/runtime/opt/cuda/11.1.1/cuda/bin/../targets/x86_64-linux/lib"  -lcudadevrt  -lcudart_static  -lrt -lpthread  -ldl  -Wl,--end-group -o "a.out" ]
    extracted link line: [g++ -m64 -Wl,--start-group "tmp/a_dlink.o" "tmp/CMakeCUDACompilerId.o"   "-L/gpfs/runtime/opt/cuda/11.1.1/cuda/bin/../targets/x86_64-linux/lib/stubs" "-L/gpfs/runtime/opt/cuda/11.1.1/cuda/bin/../targets/x86_64-linux/lib"  -lcudadevrt  -lcudart_static  -lrt -lpthread  -ldl  -Wl,--end-group -o "a.out" ]
  considering line: []
  extracted link launcher name: [g++]
  found link launcher absolute path: [/usr/bin/g++]

  link line regex: [^( *|.*[/\])(ld|CMAKE_LINK_STARTFILE-NOTFOUND|([^/\]+-)?ld|collect2)[^/\]*( |$)]
  link line: [cuda-fake-ld g++ -m64 -Wl,--start-group "tmp/a_dlink.o" "tmp/CMakeCUDACompilerId.o"   "-L/gpfs/runtime/opt/cuda/11.1.1/cuda/bin/../targets/x86_64-linux/lib/stubs" "-L/gpfs/runtime/opt/cuda/11.1.1/cuda/bin/../targets/x86_64-linux/lib"  -lcudadevrt  -lcudart_static  -lrt -lpthread  -ldl  -Wl,--end-group -o "a.out" ]
    arg [cuda-fake-ld] ==> ignore
    arg [g++] ==> ignore
    arg [-m64] ==> ignore
    arg [-Wl,--start-group] ==> ignore
    arg [tmp/a_dlink.o] ==> ignore
    arg [tmp/CMakeCUDACompilerId.o] ==> ignore
    arg [-L/gpfs/runtime/opt/cuda/11.1.1/cuda/bin/../targets/x86_64-linux/lib/stubs] ==> dir [/gpfs/runtime/opt/cuda/11.1.1/cuda/bin/../targets/x86_64-linux/lib/stubs]
    arg [-L/gpfs/runtime/opt/cuda/11.1.1/cuda/bin/../targets/x86_64-linux/lib] ==> dir [/gpfs/runtime/opt/cuda/11.1.1/cuda/bin/../targets/x86_64-linux/lib]
    arg [-lcudadevrt] ==> lib [cudadevrt]
    arg [-lcudart_static] ==> lib [cudart_static]
    arg [-lrt] ==> lib [rt]
    arg [-lpthread] ==> lib [pthread]
    arg [-ldl] ==> lib [dl]
    arg [-Wl,--end-group] ==> ignore
    arg [-o] ==> ignore
    arg [a.out] ==> ignore
  collapse library dir [/gpfs/runtime/opt/cuda/11.1.1/cuda/bin/../targets/x86_64-linux/lib/stubs] ==> [/gpfs/runtime/opt/cuda/11.1.1/cuda/targets/x86_64-linux/lib/stubs]
  collapse library dir [/gpfs/runtime/opt/cuda/11.1.1/cuda/bin/../targets/x86_64-linux/lib] ==> [/gpfs/runtime/opt/cuda/11.1.1/cuda/targets/x86_64-linux/lib]
  implicit libs: [cudadevrt;cudart_static;rt;pthread;dl]
  implicit dirs: [/gpfs/runtime/opt/cuda/11.1.1/cuda/targets/x86_64-linux/lib/stubs;/gpfs/runtime/opt/cuda/11.1.1/cuda/targets/x86_64-linux/lib]
  implicit fwks: []


Parsed CUDA nvcc include information from above output:
  found 'PATH=' string: [/gpfs/runtime/opt/cuda/11.1.1/cuda/bin/../nvvm/bin:/gpfs/runtime/opt/cuda/11.1.1/cuda/bin:/gpfs/runtime/opt/cmake/3.10.1/bin:/gpfs/runtime/opt/cuda/11.1.1/cuda/bin:/gpfs/runtime/opt/anaconda/2020.02/bin:/users/bblinn/anaconda/myclone/bin:/gpfs/runtime/opt/anaconda/2020.02/condabin:/gpfs/runtime/opt/intel/2017.0/bin:/gpfs/runtime/opt/python/2.7.12/bin:/gpfs/runtime/opt/matlab/R2017b/bin:/gpfs/runtime/opt/java/8u111/bin:/usr/lib64/qt-3.3/bin:/usr/local/bin:/usr/bin:/usr/local/sbin:/usr/sbin:/usr/lpp/mmfs/bin:/usr/lpp/mmfs/sbin:/opt/ibutils/bin:/gpfs/runtime/bin:/users/bblinn/bin]
  found 'LIBRARIES=' string: ["-L/gpfs/runtime/opt/cuda/11.1.1/cuda/bin/../targets/x86_64-linux/lib/stubs" "-L/gpfs/runtime/opt/cuda/11.1.1/cuda/bin/../targets/x86_64-linux/lib"]
  considering line: [#$ rm tmp/a_dlink.reg.c]
  considering line: [gcc -D__CUDA_ARCH__=520 -E -x c++  -DCUDA_DOUBLE_MATH_FUNCTIONS -D__CUDACC__ -D__NVCC__  "-I/gpfs/runtime/opt/cuda/11.1.1/cuda/bin/../targets/x86_64-linux/include"    -D__CUDACC_VER_MAJOR__=11 -D__CUDACC_VER_MINOR__=1 -D__CUDACC_VER_BUILD__=105 -D__CUDA_API_VER_MAJOR__=11 -D__CUDA_API_VER_MINOR__=1 -include "cuda_runtime.h" -m64 "CMakeCUDACompilerId.cu" -o "tmp/CMakeCUDACompilerId.cpp1.ii" ]
  considering line: [cicc --gnu_version=40805 --orig_src_file_name "CMakeCUDACompilerId.cu" --allow_managed   -arch compute_52 -m64 -ftz=0 -prec_div=1 -prec_sqrt=1 -fmad=1 --include_file_name "CMakeCUDACompilerId.fatbin.c" -tused -nvvmir-library "/gpfs/runtime/opt/cuda/11.1.1/cuda/bin/../nvvm/libdevice/libdevice.10.bc" --gen_module_id_file --module_id_file_name "tmp/CMakeCUDACompilerId.module_id" --gen_c_file_name "tmp/CMakeCUDACompilerId.cudafe1.c" --stub_file_name "tmp/CMakeCUDACompilerId.cudafe1.stub.c" --gen_device_file_name "tmp/CMakeCUDACompilerId.cudafe1.gpu"  "tmp/CMakeCUDACompilerId.cpp1.ii" -o "tmp/CMakeCUDACompilerId.ptx"]
  considering line: [ptxas -arch=sm_52 -m64  "tmp/CMakeCUDACompilerId.ptx"  -o "tmp/CMakeCUDACompilerId.sm_52.cubin" ]
  considering line: [fatbinary --create="tmp/CMakeCUDACompilerId.fatbin" -64 --cicc-cmdline="-ftz=0 -prec_div=1 -prec_sqrt=1 -fmad=1 " "--image3=kind=elf,sm=52,file=tmp/CMakeCUDACompilerId.sm_52.cubin" "--image3=kind=ptx,sm=52,file=tmp/CMakeCUDACompilerId.ptx" --embedded-fatbin="tmp/CMakeCUDACompilerId.fatbin.c" ]
  considering line: [gcc -E -x c++ -D__CUDACC__ -D__NVCC__  "-I/gpfs/runtime/opt/cuda/11.1.1/cuda/bin/../targets/x86_64-linux/include"    -D__CUDACC_VER_MAJOR__=11 -D__CUDACC_VER_MINOR__=1 -D__CUDACC_VER_BUILD__=105 -D__CUDA_API_VER_MAJOR__=11 -D__CUDA_API_VER_MINOR__=1 -include "cuda_runtime.h" -m64 "CMakeCUDACompilerId.cu" -o "tmp/CMakeCUDACompilerId.cpp4.ii" ]
  considering line: [cudafe++ --gnu_version=40805 --orig_src_file_name "CMakeCUDACompilerId.cu" --allow_managed  --m64 --parse_templates --gen_c_file_name "tmp/CMakeCUDACompilerId.cudafe1.cpp" --stub_file_name "CMakeCUDACompilerId.cudafe1.stub.c" --module_id_file_name "tmp/CMakeCUDACompilerId.module_id" "tmp/CMakeCUDACompilerId.cpp4.ii" ]
  considering line: [gcc -D__CUDA_ARCH__=520 -c -x c++  -DCUDA_DOUBLE_MATH_FUNCTIONS "-I/gpfs/runtime/opt/cuda/11.1.1/cuda/bin/../targets/x86_64-linux/include"   -m64 "tmp/CMakeCUDACompilerId.cudafe1.cpp" -o "tmp/CMakeCUDACompilerId.o" ]
  considering line: [nvlink --arch=sm_52 --register-link-binaries="tmp/a_dlink.reg.c"  -m64   "-L/gpfs/runtime/opt/cuda/11.1.1/cuda/bin/../targets/x86_64-linux/lib/stubs" "-L/gpfs/runtime/opt/cuda/11.1.1/cuda/bin/../targets/x86_64-linux/lib" -cpu-arch=X86_64 "tmp/CMakeCUDACompilerId.o"  -lcudadevrt  -o "tmp/a_dlink.sm_52.cubin"]
    ignoring nvlink line
  considering line: [fatbinary --create="tmp/a_dlink.fatbin" -64 --cicc-cmdline="-ftz=0 -prec_div=1 -prec_sqrt=1 -fmad=1 " -link "--image3=kind=elf,sm=52,file=tmp/a_dlink.sm_52.cubin" --embedded-fatbin="tmp/a_dlink.fatbin.c" ]
  considering line: [gcc -c -x c++ -DFATBINFILE="\"tmp/a_dlink.fatbin.c\"" -DREGISTERLINKBINARYFILE="\"tmp/a_dlink.reg.c\"" -I. -D__NV_EXTRA_INITIALIZATION= -D__NV_EXTRA_FINALIZATION= -D__CUDA_INCLUDE_COMPILER_INTERNAL_HEADERS__  "-I/gpfs/runtime/opt/cuda/11.1.1/cuda/bin/../targets/x86_64-linux/include"    -D__CUDACC_VER_MAJOR__=11 -D__CUDACC_VER_MINOR__=1 -D__CUDACC_VER_BUILD__=105 -D__CUDA_API_VER_MAJOR__=11 -D__CUDA_API_VER_MINOR__=1 -m64 "/gpfs/runtime/opt/cuda/11.1.1/cuda/bin/crt/link.stub" -o "tmp/a_dlink.o" ]
  considering line: [g++ -m64 -Wl,--start-group "tmp/a_dlink.o" "tmp/CMakeCUDACompilerId.o"   "-L/gpfs/runtime/opt/cuda/11.1.1/cuda/bin/../targets/x86_64-linux/lib/stubs" "-L/gpfs/runtime/opt/cuda/11.1.1/cuda/bin/../targets/x86_64-linux/lib"  -lcudadevrt  -lcudart_static  -lrt -lpthread  -ldl  -Wl,--end-group -o "a.out" ]
    extracted link line: [g++ -m64 -Wl,--start-group "tmp/a_dlink.o" "tmp/CMakeCUDACompilerId.o"   "-L/gpfs/runtime/opt/cuda/11.1.1/cuda/bin/../targets/x86_64-linux/lib/stubs" "-L/gpfs/runtime/opt/cuda/11.1.1/cuda/bin/../targets/x86_64-linux/lib"  -lcudadevrt  -lcudart_static  -lrt -lpthread  -ldl  -Wl,--end-group -o "a.out" ]
  considering line: []
  extracted link launcher name: [g++]
  found link launcher absolute path: [/usr/bin/g++]
  found 'INCLUDES=' string: ["-I/gpfs/runtime/opt/cuda/11.1.1/cuda/bin/../targets/x86_64-linux/include"  ]

  link line regex: [^( *|.*[/\])(ld|CMAKE_LINK_STARTFILE-NOTFOUND|([^/\]+-)?ld|collect2)[^/\]*( |$)]
  link line: [cuda-fake-ld g++ -m64 -Wl,--start-group "tmp/a_dlink.o" "tmp/CMakeCUDACompilerId.o"   "-L/gpfs/runtime/opt/cuda/11.1.1/cuda/bin/../targets/x86_64-linux/lib/stubs" "-L/gpfs/runtime/opt/cuda/11.1.1/cuda/bin/../targets/x86_64-linux/lib"  -lcudadevrt  -lcudart_static  -lrt -lpthread  -ldl  -Wl,--end-group -o "a.out" ]
    arg [cuda-fake-ld] ==> ignore
    arg [g++] ==> ignore
    arg [-m64] ==> ignore
    arg [-Wl,--start-group] ==> ignore
    arg [tmp/a_dlink.o] ==> ignore
    arg [tmp/CMakeCUDACompilerId.o] ==> ignore
    arg [-L/gpfs/runtime/opt/cuda/11.1.1/cuda/bin/../targets/x86_64-linux/lib/stubs] ==> dir [/gpfs/runtime/opt/cuda/11.1.1/cuda/bin/../targets/x86_64-linux/lib/stubs]
    arg [-L/gpfs/runtime/opt/cuda/11.1.1/cuda/bin/../targets/x86_64-linux/lib] ==> dir [/gpfs/runtime/opt/cuda/11.1.1/cuda/bin/../targets/x86_64-linux/lib]
    arg [-lcudadevrt] ==> lib [cudadevrt]
    arg [-lcudart_static] ==> lib [cudart_static]
    arg [-lrt] ==> lib [rt]
    arg [-lpthread] ==> lib [pthread]
    arg [-ldl] ==> lib [dl]
    arg [-Wl,--end-group] ==> ignore
    arg [-o] ==> ignore
    arg [a.out] ==> ignore
  collapse library dir [/gpfs/runtime/opt/cuda/11.1.1/cuda/bin/../targets/x86_64-linux/lib/stubs] ==> [/gpfs/runtime/opt/cuda/11.1.1/cuda/targets/x86_64-linux/lib/stubs]
  collapse library dir [/gpfs/runtime/opt/cuda/11.1.1/cuda/bin/../targets/x86_64-linux/lib] ==> [/gpfs/runtime/opt/cuda/11.1.1/cuda/targets/x86_64-linux/lib]
  implicit libs: [cudadevrt;cudart_static;rt;pthread;dl]
  implicit dirs: [/gpfs/runtime/opt/cuda/11.1.1/cuda/targets/x86_64-linux/lib/stubs;/gpfs/runtime/opt/cuda/11.1.1/cuda/targets/x86_64-linux/lib]
  implicit fwks: []


Determining if the CXX compiler works passed with the following output:
Change Dir: /users/bblinn/pt_inv/build/CMakeFiles/CMakeTmp

Run Build Command:"/usr/bin/gmake" "cmTC_e7a11/fast"
/usr/bin/gmake -f CMakeFiles/cmTC_e7a11.dir/build.make CMakeFiles/cmTC_e7a11.dir/build
gmake[1]: Entering directory `/gpfs/home/bblinn/pt_inv/build/CMakeFiles/CMakeTmp'
Building CXX object CMakeFiles/cmTC_e7a11.dir/testCXXCompiler.cxx.o
/usr/bin/c++     -o CMakeFiles/cmTC_e7a11.dir/testCXXCompiler.cxx.o -c /users/bblinn/pt_inv/build/CMakeFiles/CMakeTmp/testCXXCompiler.cxx
Linking CXX executable cmTC_e7a11
/gpfs/rt/7.2/opt/cmake/3.10.1/bin/cmake -E cmake_link_script CMakeFiles/cmTC_e7a11.dir/link.txt --verbose=1
/usr/bin/c++       CMakeFiles/cmTC_e7a11.dir/testCXXCompiler.cxx.o  -o cmTC_e7a11 
gmake[1]: Leaving directory `/gpfs/home/bblinn/pt_inv/build/CMakeFiles/CMakeTmp'


Detecting CXX compiler ABI info compiled with the following output:
Change Dir: /users/bblinn/pt_inv/build/CMakeFiles/CMakeTmp

Run Build Command:"/usr/bin/gmake" "cmTC_9185a/fast"
/usr/bin/gmake -f CMakeFiles/cmTC_9185a.dir/build.make CMakeFiles/cmTC_9185a.dir/build
gmake[1]: Entering directory `/gpfs/home/bblinn/pt_inv/build/CMakeFiles/CMakeTmp'
Building CXX object CMakeFiles/cmTC_9185a.dir/CMakeCXXCompilerABI.cpp.o
/usr/bin/c++     -o CMakeFiles/cmTC_9185a.dir/CMakeCXXCompilerABI.cpp.o -c /gpfs/rt/7.2/opt/cmake/3.10.1/share/cmake-3.10/Modules/CMakeCXXCompilerABI.cpp
Linking CXX executable cmTC_9185a
/gpfs/rt/7.2/opt/cmake/3.10.1/bin/cmake -E cmake_link_script CMakeFiles/cmTC_9185a.dir/link.txt --verbose=1
/usr/bin/c++      -v CMakeFiles/cmTC_9185a.dir/CMakeCXXCompilerABI.cpp.o  -o cmTC_9185a 
Using built-in specs.
COLLECT_GCC=/usr/bin/c++
COLLECT_LTO_WRAPPER=/usr/libexec/gcc/x86_64-redhat-linux/4.8.5/lto-wrapper
Target: x86_64-redhat-linux
Configured with: ../configure --prefix=/usr --mandir=/usr/share/man --infodir=/usr/share/info --with-bugurl=http://bugzilla.redhat.com/bugzilla --enable-bootstrap --enable-shared --enable-threads=posix --enable-checking=release --with-system-zlib --enable-__cxa_atexit --disable-libunwind-exceptions --enable-gnu-unique-object --enable-linker-build-id --with-linker-hash-style=gnu --enable-languages=c,c++,objc,obj-c++,java,fortran,ada,go,lto --enable-plugin --enable-initfini-array --disable-libgcj --with-isl=/builddir/build/BUILD/gcc-4.8.5-20150702/obj-x86_64-redhat-linux/isl-install --with-cloog=/builddir/build/BUILD/gcc-4.8.5-20150702/obj-x86_64-redhat-linux/cloog-install --enable-gnu-indirect-function --with-tune=generic --with-arch_32=x86-64 --build=x86_64-redhat-linux
Thread model: posix
gcc version 4.8.5 20150623 (Red Hat 4.8.5-39) (GCC) 
COMPILER_PATH=/usr/libexec/gcc/x86_64-redhat-linux/4.8.5/:/usr/libexec/gcc/x86_64-redhat-linux/4.8.5/:/usr/libexec/gcc/x86_64-redhat-linux/:/usr/lib/gcc/x86_64-redhat-linux/4.8.5/:/usr/lib/gcc/x86_64-redhat-linux/
LIBRARY_PATH=/usr/lib/gcc/x86_64-redhat-linux/4.8.5/:/usr/lib/gcc/x86_64-redhat-linux/4.8.5/../../../../lib64/:/lib/../lib64/:/usr/lib/../lib64/:/gpfs/runtime/opt/cuda/11.1.1/cuda/lib64/:/gpfs/runtime/opt/anaconda/2020.02/lib/:/gpfs/runtime/opt/intel/2017.0/lib/intel64/:/gpfs/runtime/opt/intel/2017.0/mkl/lib/intel64/:/gpfs/runtime/opt/python/2.7.12/lib/:/usr/lib/gcc/x86_64-redhat-linux/4.8.5/../../../:/lib/:/usr/lib/
COLLECT_GCC_OPTIONS='-v' '-o' 'cmTC_9185a' '-shared-libgcc' '-mtune=generic' '-march=x86-64'
 /usr/libexec/gcc/x86_64-redhat-linux/4.8.5/collect2 --build-id --no-add-needed --eh-frame-hdr --hash-style=gnu -m elf_x86_64 -dynamic-linker /lib64/ld-linux-x86-64.so.2 -o cmTC_9185a /usr/lib/gcc/x86_64-redhat-linux/4.8.5/../../../../lib64/crt1.o /usr/lib/gcc/x86_64-redhat-linux/4.8.5/../../../../lib64/crti.o /usr/lib/gcc/x86_64-redhat-linux/4.8.5/crtbegin.o -L/usr/lib/gcc/x86_64-redhat-linux/4.8.5 -L/usr/lib/gcc/x86_64-redhat-linux/4.8.5/../../../../lib64 -L/lib/../lib64 -L/usr/lib/../lib64 -L/gpfs/runtime/opt/cuda/11.1.1/cuda/lib64 -L/gpfs/runtime/opt/anaconda/2020.02/lib -L/gpfs/runtime/opt/intel/2017.0/lib/intel64 -L/gpfs/runtime/opt/intel/2017.0/mkl/lib/intel64 -L/gpfs/runtime/opt/python/2.7.12/lib -L/usr/lib/gcc/x86_64-redhat-linux/4.8.5/../../.. CMakeFiles/cmTC_9185a.dir/CMakeCXXCompilerABI.cpp.o -lstdc++ -lm -lgcc_s -lgcc -lc -lgcc_s -lgcc /usr/lib/gcc/x86_64-redhat-linux/4.8.5/crtend.o /usr/lib/gcc/x86_64-redhat-linux/4.8.5/../../../../lib64/crtn.o
gmake[1]: Leaving directory `/gpfs/home/bblinn/pt_inv/build/CMakeFiles/CMakeTmp'


Parsed CXX implicit link information from above output:
  link line regex: [^( *|.*[/\])(ld|CMAKE_LINK_STARTFILE-NOTFOUND|([^/\]+-)?ld|collect2)[^/\]*( |$)]
  ignore line: [Change Dir: /users/bblinn/pt_inv/build/CMakeFiles/CMakeTmp]
  ignore line: []
  ignore line: [Run Build Command:"/usr/bin/gmake" "cmTC_9185a/fast"]
  ignore line: [/usr/bin/gmake -f CMakeFiles/cmTC_9185a.dir/build.make CMakeFiles/cmTC_9185a.dir/build]
  ignore line: [gmake[1]: Entering directory `/gpfs/home/bblinn/pt_inv/build/CMakeFiles/CMakeTmp']
  ignore line: [Building CXX object CMakeFiles/cmTC_9185a.dir/CMakeCXXCompilerABI.cpp.o]
  ignore line: [/usr/bin/c++     -o CMakeFiles/cmTC_9185a.dir/CMakeCXXCompilerABI.cpp.o -c /gpfs/rt/7.2/opt/cmake/3.10.1/share/cmake-3.10/Modules/CMakeCXXCompilerABI.cpp]
  ignore line: [Linking CXX executable cmTC_9185a]
  ignore line: [/gpfs/rt/7.2/opt/cmake/3.10.1/bin/cmake -E cmake_link_script CMakeFiles/cmTC_9185a.dir/link.txt --verbose=1]
  ignore line: [/usr/bin/c++      -v CMakeFiles/cmTC_9185a.dir/CMakeCXXCompilerABI.cpp.o  -o cmTC_9185a ]
  ignore line: [Using built-in specs.]
  ignore line: [COLLECT_GCC=/usr/bin/c++]
  ignore line: [COLLECT_LTO_WRAPPER=/usr/libexec/gcc/x86_64-redhat-linux/4.8.5/lto-wrapper]
  ignore line: [Target: x86_64-redhat-linux]
  ignore line: [Configured with: ../configure --prefix=/usr --mandir=/usr/share/man --infodir=/usr/share/info --with-bugurl=http://bugzilla.redhat.com/bugzilla --enable-bootstrap --enable-shared --enable-threads=posix --enable-checking=release --with-system-zlib --enable-__cxa_atexit --disable-libunwind-exceptions --enable-gnu-unique-object --enable-linker-build-id --with-linker-hash-style=gnu --enable-languages=c,c++,objc,obj-c++,java,fortran,ada,go,lto --enable-plugin --enable-initfini-array --disable-libgcj --with-isl=/builddir/build/BUILD/gcc-4.8.5-20150702/obj-x86_64-redhat-linux/isl-install --with-cloog=/builddir/build/BUILD/gcc-4.8.5-20150702/obj-x86_64-redhat-linux/cloog-install --enable-gnu-indirect-function --with-tune=generic --with-arch_32=x86-64 --build=x86_64-redhat-linux]
  ignore line: [Thread model: posix]
  ignore line: [gcc version 4.8.5 20150623 (Red Hat 4.8.5-39) (GCC) ]
  ignore line: [COMPILER_PATH=/usr/libexec/gcc/x86_64-redhat-linux/4.8.5/:/usr/libexec/gcc/x86_64-redhat-linux/4.8.5/:/usr/libexec/gcc/x86_64-redhat-linux/:/usr/lib/gcc/x86_64-redhat-linux/4.8.5/:/usr/lib/gcc/x86_64-redhat-linux/]
  ignore line: [LIBRARY_PATH=/usr/lib/gcc/x86_64-redhat-linux/4.8.5/:/usr/lib/gcc/x86_64-redhat-linux/4.8.5/../../../../lib64/:/lib/../lib64/:/usr/lib/../lib64/:/gpfs/runtime/opt/cuda/11.1.1/cuda/lib64/:/gpfs/runtime/opt/anaconda/2020.02/lib/:/gpfs/runtime/opt/intel/2017.0/lib/intel64/:/gpfs/runtime/opt/intel/2017.0/mkl/lib/intel64/:/gpfs/runtime/opt/python/2.7.12/lib/:/usr/lib/gcc/x86_64-redhat-linux/4.8.5/../../../:/lib/:/usr/lib/]
  ignore line: [COLLECT_GCC_OPTIONS='-v' '-o' 'cmTC_9185a' '-shared-libgcc' '-mtune=generic' '-march=x86-64']
  link line: [ /usr/libexec/gcc/x86_64-redhat-linux/4.8.5/collect2 --build-id --no-add-needed --eh-frame-hdr --hash-style=gnu -m elf_x86_64 -dynamic-linker /lib64/ld-linux-x86-64.so.2 -o cmTC_9185a /usr/lib/gcc/x86_64-redhat-linux/4.8.5/../../../../lib64/crt1.o /usr/lib/gcc/x86_64-redhat-linux/4.8.5/../../../../lib64/crti.o /usr/lib/gcc/x86_64-redhat-linux/4.8.5/crtbegin.o -L/usr/lib/gcc/x86_64-redhat-linux/4.8.5 -L/usr/lib/gcc/x86_64-redhat-linux/4.8.5/../../../../lib64 -L/lib/../lib64 -L/usr/lib/../lib64 -L/gpfs/runtime/opt/cuda/11.1.1/cuda/lib64 -L/gpfs/runtime/opt/anaconda/2020.02/lib -L/gpfs/runtime/opt/intel/2017.0/lib/intel64 -L/gpfs/runtime/opt/intel/2017.0/mkl/lib/intel64 -L/gpfs/runtime/opt/python/2.7.12/lib -L/usr/lib/gcc/x86_64-redhat-linux/4.8.5/../../.. CMakeFiles/cmTC_9185a.dir/CMakeCXXCompilerABI.cpp.o -lstdc++ -lm -lgcc_s -lgcc -lc -lgcc_s -lgcc /usr/lib/gcc/x86_64-redhat-linux/4.8.5/crtend.o /usr/lib/gcc/x86_64-redhat-linux/4.8.5/../../../../lib64/crtn.o]
    arg [/usr/libexec/gcc/x86_64-redhat-linux/4.8.5/collect2] ==> ignore
    arg [--build-id] ==> ignore
    arg [--no-add-needed] ==> ignore
    arg [--eh-frame-hdr] ==> ignore
    arg [--hash-style=gnu] ==> ignore
    arg [-m] ==> ignore
    arg [elf_x86_64] ==> ignore
    arg [-dynamic-linker] ==> ignore
    arg [/lib64/ld-linux-x86-64.so.2] ==> ignore
    arg [-o] ==> ignore
    arg [cmTC_9185a] ==> ignore
    arg [/usr/lib/gcc/x86_64-redhat-linux/4.8.5/../../../../lib64/crt1.o] ==> ignore
    arg [/usr/lib/gcc/x86_64-redhat-linux/4.8.5/../../../../lib64/crti.o] ==> ignore
    arg [/usr/lib/gcc/x86_64-redhat-linux/4.8.5/crtbegin.o] ==> ignore
    arg [-L/usr/lib/gcc/x86_64-redhat-linux/4.8.5] ==> dir [/usr/lib/gcc/x86_64-redhat-linux/4.8.5]
    arg [-L/usr/lib/gcc/x86_64-redhat-linux/4.8.5/../../../../lib64] ==> dir [/usr/lib/gcc/x86_64-redhat-linux/4.8.5/../../../../lib64]
    arg [-L/lib/../lib64] ==> dir [/lib/../lib64]
    arg [-L/usr/lib/../lib64] ==> dir [/usr/lib/../lib64]
    arg [-L/gpfs/runtime/opt/cuda/11.1.1/cuda/lib64] ==> dir [/gpfs/runtime/opt/cuda/11.1.1/cuda/lib64]
    arg [-L/gpfs/runtime/opt/anaconda/2020.02/lib] ==> dir [/gpfs/runtime/opt/anaconda/2020.02/lib]
    arg [-L/gpfs/runtime/opt/intel/2017.0/lib/intel64] ==> dir [/gpfs/runtime/opt/intel/2017.0/lib/intel64]
    arg [-L/gpfs/runtime/opt/intel/2017.0/mkl/lib/intel64] ==> dir [/gpfs/runtime/opt/intel/2017.0/mkl/lib/intel64]
    arg [-L/gpfs/runtime/opt/python/2.7.12/lib] ==> dir [/gpfs/runtime/opt/python/2.7.12/lib]
    arg [-L/usr/lib/gcc/x86_64-redhat-linux/4.8.5/../../..] ==> dir [/usr/lib/gcc/x86_64-redhat-linux/4.8.5/../../..]
    arg [CMakeFiles/cmTC_9185a.dir/CMakeCXXCompilerABI.cpp.o] ==> ignore
    arg [-lstdc++] ==> lib [stdc++]
    arg [-lm] ==> lib [m]
    arg [-lgcc_s] ==> lib [gcc_s]
    arg [-lgcc] ==> lib [gcc]
    arg [-lc] ==> lib [c]
    arg [-lgcc_s] ==> lib [gcc_s]
    arg [-lgcc] ==> lib [gcc]
    arg [/usr/lib/gcc/x86_64-redhat-linux/4.8.5/crtend.o] ==> ignore
    arg [/usr/lib/gcc/x86_64-redhat-linux/4.8.5/../../../../lib64/crtn.o] ==> ignore
  collapse library dir [/usr/lib/gcc/x86_64-redhat-linux/4.8.5] ==> [/usr/lib/gcc/x86_64-redhat-linux/4.8.5]
  collapse library dir [/usr/lib/gcc/x86_64-redhat-linux/4.8.5/../../../../lib64] ==> [/usr/lib64]
  collapse library dir [/lib/../lib64] ==> [/lib64]
  collapse library dir [/usr/lib/../lib64] ==> [/usr/lib64]
  collapse library dir [/gpfs/runtime/opt/cuda/11.1.1/cuda/lib64] ==> [/gpfs/runtime/opt/cuda/11.1.1/cuda/lib64]
  collapse library dir [/gpfs/runtime/opt/anaconda/2020.02/lib] ==> [/gpfs/runtime/opt/anaconda/2020.02/lib]
  collapse library dir [/gpfs/runtime/opt/intel/2017.0/lib/intel64] ==> [/gpfs/runtime/opt/intel/2017.0/lib/intel64]
  collapse library dir [/gpfs/runtime/opt/intel/2017.0/mkl/lib/intel64] ==> [/gpfs/runtime/opt/intel/2017.0/mkl/lib/intel64]
  collapse library dir [/gpfs/runtime/opt/python/2.7.12/lib] ==> [/gpfs/runtime/opt/python/2.7.12/lib]
  collapse library dir [/usr/lib/gcc/x86_64-redhat-linux/4.8.5/../../..] ==> [/usr/lib]
  implicit libs: [stdc++;m;gcc_s;gcc;c;gcc_s;gcc]
  implicit dirs: [/usr/lib/gcc/x86_64-redhat-linux/4.8.5;/usr/lib64;/lib64;/gpfs/runtime/opt/cuda/11.1.1/cuda/lib64;/gpfs/runtime/opt/anaconda/2020.02/lib;/gpfs/runtime/opt/intel/2017.0/lib/intel64;/gpfs/runtime/opt/intel/2017.0/mkl/lib/intel64;/gpfs/runtime/opt/python/2.7.12/lib;/usr/lib]
  implicit fwks: []




Detecting CXX [-std=c++1y] compiler features compiled with the following output:
Change Dir: /users/bblinn/pt_inv/build/CMakeFiles/CMakeTmp

Run Build Command:"/usr/bin/gmake" "cmTC_b8b22/fast"
/usr/bin/gmake -f CMakeFiles/cmTC_b8b22.dir/build.make CMakeFiles/cmTC_b8b22.dir/build
gmake[1]: Entering directory `/gpfs/home/bblinn/pt_inv/build/CMakeFiles/CMakeTmp'
Building CXX object CMakeFiles/cmTC_b8b22.dir/feature_tests.cxx.o
/usr/bin/c++    -std=c++1y -o CMakeFiles/cmTC_b8b22.dir/feature_tests.cxx.o -c /users/bblinn/pt_inv/build/CMakeFiles/feature_tests.cxx
Linking CXX executable cmTC_b8b22
/gpfs/rt/7.2/opt/cmake/3.10.1/bin/cmake -E cmake_link_script CMakeFiles/cmTC_b8b22.dir/link.txt --verbose=1
/usr/bin/c++       CMakeFiles/cmTC_b8b22.dir/feature_tests.cxx.o  -o cmTC_b8b22 
gmake[1]: Leaving directory `/gpfs/home/bblinn/pt_inv/build/CMakeFiles/CMakeTmp'


    Feature record: CXX_FEATURE:0cxx_aggregate_default_initializers
    Feature record: CXX_FEATURE:1cxx_alias_templates
    Feature record: CXX_FEATURE:1cxx_alignas
    Feature record: CXX_FEATURE:1cxx_alignof
    Feature record: CXX_FEATURE:1cxx_attributes
    Feature record: CXX_FEATURE:0cxx_attribute_deprecated
    Feature record: CXX_FEATURE:1cxx_auto_type
    Feature record: CXX_FEATURE:0cxx_binary_literals
    Feature record: CXX_FEATURE:1cxx_constexpr
    Feature record: CXX_FEATURE:0cxx_contextual_conversions
    Feature record: CXX_FEATURE:1cxx_decltype
    Feature record: CXX_FEATURE:0cxx_decltype_auto
    Feature record: CXX_FEATURE:1cxx_decltype_incomplete_return_types
    Feature record: CXX_FEATURE:1cxx_default_function_template_args
    Feature record: CXX_FEATURE:1cxx_defaulted_functions
    Feature record: CXX_FEATURE:1cxx_defaulted_move_initializers
    Feature record: CXX_FEATURE:1cxx_delegating_constructors
    Feature record: CXX_FEATURE:1cxx_deleted_functions
    Feature record: CXX_FEATURE:0cxx_digit_separators
    Feature record: CXX_FEATURE:1cxx_enum_forward_declarations
    Feature record: CXX_FEATURE:1cxx_explicit_conversions
    Feature record: CXX_FEATURE:1cxx_extended_friend_declarations
    Feature record: CXX_FEATURE:1cxx_extern_templates
    Feature record: CXX_FEATURE:1cxx_final
    Feature record: CXX_FEATURE:1cxx_func_identifier
    Feature record: CXX_FEATURE:1cxx_generalized_initializers
    Feature record: CXX_FEATURE:0cxx_generic_lambdas
    Feature record: CXX_FEATURE:1cxx_inheriting_constructors
    Feature record: CXX_FEATURE:1cxx_inline_namespaces
    Feature record: CXX_FEATURE:1cxx_lambdas
    Feature record: CXX_FEATURE:0cxx_lambda_init_captures
    Feature record: CXX_FEATURE:1cxx_local_type_template_args
    Feature record: CXX_FEATURE:1cxx_long_long_type
    Feature record: CXX_FEATURE:1cxx_noexcept
    Feature record: CXX_FEATURE:1cxx_nonstatic_member_init
    Feature record: CXX_FEATURE:1cxx_nullptr
    Feature record: CXX_FEATURE:1cxx_override
    Feature record: CXX_FEATURE:1cxx_range_for
    Feature record: CXX_FEATURE:1cxx_raw_string_literals
    Feature record: CXX_FEATURE:1cxx_reference_qualified_functions
    Feature record: CXX_FEATURE:0cxx_relaxed_constexpr
    Feature record: CXX_FEATURE:0cxx_return_type_deduction
    Feature record: CXX_FEATURE:1cxx_right_angle_brackets
    Feature record: CXX_FEATURE:1cxx_rvalue_references
    Feature record: CXX_FEATURE:1cxx_sizeof_member
    Feature record: CXX_FEATURE:1cxx_static_assert
    Feature record: CXX_FEATURE:1cxx_strong_enums
    Feature record: CXX_FEATURE:1cxx_template_template_parameters
    Feature record: CXX_FEATURE:1cxx_thread_local
    Feature record: CXX_FEATURE:1cxx_trailing_return_types
    Feature record: CXX_FEATURE:1cxx_unicode_literals
    Feature record: CXX_FEATURE:1cxx_uniform_initialization
    Feature record: CXX_FEATURE:1cxx_unrestricted_unions
    Feature record: CXX_FEATURE:1cxx_user_literals
    Feature record: CXX_FEATURE:0cxx_variable_templates
    Feature record: CXX_FEATURE:1cxx_variadic_macros
    Feature record: CXX_FEATURE:1cxx_variadic_templates


Detecting CXX [-std=c++11] compiler features compiled with the following output:
Change Dir: /users/bblinn/pt_inv/build/CMakeFiles/CMakeTmp

Run Build Command:"/usr/bin/gmake" "cmTC_a1778/fast"
/usr/bin/gmake -f CMakeFiles/cmTC_a1778.dir/build.make CMakeFiles/cmTC_a1778.dir/build
gmake[1]: Entering directory `/gpfs/home/bblinn/pt_inv/build/CMakeFiles/CMakeTmp'
Building CXX object CMakeFiles/cmTC_a1778.dir/feature_tests.cxx.o
/usr/bin/c++    -std=c++11 -o CMakeFiles/cmTC_a1778.dir/feature_tests.cxx.o -c /users/bblinn/pt_inv/build/CMakeFiles/feature_tests.cxx
Linking CXX executable cmTC_a1778
/gpfs/rt/7.2/opt/cmake/3.10.1/bin/cmake -E cmake_link_script CMakeFiles/cmTC_a1778.dir/link.txt --verbose=1
/usr/bin/c++       CMakeFiles/cmTC_a1778.dir/feature_tests.cxx.o  -o cmTC_a1778 
gmake[1]: Leaving directory `/gpfs/home/bblinn/pt_inv/build/CMakeFiles/CMakeTmp'


    Feature record: CXX_FEATURE:0cxx_aggregate_default_initializers
    Feature record: CXX_FEATURE:1cxx_alias_templates
    Feature record: CXX_FEATURE:1cxx_alignas
    Feature record: CXX_FEATURE:1cxx_alignof
    Feature record: CXX_FEATURE:1cxx_attributes
    Feature record: CXX_FEATURE:0cxx_attribute_deprecated
    Feature record: CXX_FEATURE:1cxx_auto_type
    Feature record: CXX_FEATURE:0cxx_binary_literals
    Feature record: CXX_FEATURE:1cxx_constexpr
    Feature record: CXX_FEATURE:0cxx_contextual_conversions
    Feature record: CXX_FEATURE:1cxx_decltype
    Feature record: CXX_FEATURE:0cxx_decltype_auto
    Feature record: CXX_FEATURE:1cxx_decltype_incomplete_return_types
    Feature record: CXX_FEATURE:1cxx_default_function_template_args
    Feature record: CXX_FEATURE:1cxx_defaulted_functions
    Feature record: CXX_FEATURE:1cxx_defaulted_move_initializers
    Feature record: CXX_FEATURE:1cxx_delegating_constructors
    Feature record: CXX_FEATURE:1cxx_deleted_functions
    Feature record: CXX_FEATURE:0cxx_digit_separators
    Feature record: CXX_FEATURE:1cxx_enum_forward_declarations
    Feature record: CXX_FEATURE:1cxx_explicit_conversions
    Feature record: CXX_FEATURE:1cxx_extended_friend_declarations
    Feature record: CXX_FEATURE:1cxx_extern_templates
    Feature record: CXX_FEATURE:1cxx_final
    Feature record: CXX_FEATURE:1cxx_func_identifier
    Feature record: CXX_FEATURE:1cxx_generalized_initializers
    Feature record: CXX_FEATURE:0cxx_generic_lambdas
    Feature record: CXX_FEATURE:1cxx_inheriting_constructors
    Feature record: CXX_FEATURE:1cxx_inline_namespaces
    Feature record: CXX_FEATURE:1cxx_lambdas
    Feature record: CXX_FEATURE:0cxx_lambda_init_captures
    Feature record: CXX_FEATURE:1cxx_local_type_template_args
    Feature record: CXX_FEATURE:1cxx_long_long_type
    Feature record: CXX_FEATURE:1cxx_noexcept
    Feature record: CXX_FEATURE:1cxx_nonstatic_member_init
    Feature record: CXX_FEATURE:1cxx_nullptr
    Feature record: CXX_FEATURE:1cxx_override
    Feature record: CXX_FEATURE:1cxx_range_for
    Feature record: CXX_FEATURE:1cxx_raw_string_literals
    Feature record: CXX_FEATURE:1cxx_reference_qualified_functions
    Feature record: CXX_FEATURE:0cxx_relaxed_constexpr
    Feature record: CXX_FEATURE:0cxx_return_type_deduction
    Feature record: CXX_FEATURE:1cxx_right_angle_brackets
    Feature record: CXX_FEATURE:1cxx_rvalue_references
    Feature record: CXX_FEATURE:1cxx_sizeof_member
    Feature record: CXX_FEATURE:1cxx_static_assert
    Feature record: CXX_FEATURE:1cxx_strong_enums
    Feature record: CXX_FEATURE:1cxx_template_template_parameters
    Feature record: CXX_FEATURE:1cxx_thread_local
    Feature record: CXX_FEATURE:1cxx_trailing_return_types
    Feature record: CXX_FEATURE:1cxx_unicode_literals
    Feature record: CXX_FEATURE:1cxx_uniform_initialization
    Feature record: CXX_FEATURE:1cxx_unrestricted_unions
    Feature record: CXX_FEATURE:1cxx_user_literals
    Feature record: CXX_FEATURE:0cxx_variable_templates
    Feature record: CXX_FEATURE:1cxx_variadic_macros
    Feature record: CXX_FEATURE:1cxx_variadic_templates


Detecting CXX [-std=c++98] compiler features compiled with the following output:
Change Dir: /users/bblinn/pt_inv/build/CMakeFiles/CMakeTmp

Run Build Command:"/usr/bin/gmake" "cmTC_8bb46/fast"
/usr/bin/gmake -f CMakeFiles/cmTC_8bb46.dir/build.make CMakeFiles/cmTC_8bb46.dir/build
gmake[1]: Entering directory `/gpfs/home/bblinn/pt_inv/build/CMakeFiles/CMakeTmp'
Building CXX object CMakeFiles/cmTC_8bb46.dir/feature_tests.cxx.o
/usr/bin/c++    -std=c++98 -o CMakeFiles/cmTC_8bb46.dir/feature_tests.cxx.o -c /users/bblinn/pt_inv/build/CMakeFiles/feature_tests.cxx
Linking CXX executable cmTC_8bb46
/gpfs/rt/7.2/opt/cmake/3.10.1/bin/cmake -E cmake_link_script CMakeFiles/cmTC_8bb46.dir/link.txt --verbose=1
/usr/bin/c++       CMakeFiles/cmTC_8bb46.dir/feature_tests.cxx.o  -o cmTC_8bb46 
gmake[1]: Leaving directory `/gpfs/home/bblinn/pt_inv/build/CMakeFiles/CMakeTmp'


    Feature record: CXX_FEATURE:0cxx_aggregate_default_initializers
    Feature record: CXX_FEATURE:0cxx_alias_templates
    Feature record: CXX_FEATURE:0cxx_alignas
    Feature record: CXX_FEATURE:0cxx_alignof
    Feature record: CXX_FEATURE:0cxx_attributes
    Feature record: CXX_FEATURE:0cxx_attribute_deprecated
    Feature record: CXX_FEATURE:0cxx_auto_type
    Feature record: CXX_FEATURE:0cxx_binary_literals
    Feature record: CXX_FEATURE:0cxx_constexpr
    Feature record: CXX_FEATURE:0cxx_contextual_conversions
    Feature record: CXX_FEATURE:0cxx_decltype
    Feature record: CXX_FEATURE:0cxx_decltype_auto
    Feature record: CXX_FEATURE:0cxx_decltype_incomplete_return_types
    Feature record: CXX_FEATURE:0cxx_default_function_template_args
    Feature record: CXX_FEATURE:0cxx_defaulted_functions
    Feature record: CXX_FEATURE:0cxx_defaulted_move_initializers
    Feature record: CXX_FEATURE:0cxx_delegating_constructors
    Feature record: CXX_FEATURE:0cxx_deleted_functions
    Feature record: CXX_FEATURE:0cxx_digit_separators
    Feature record: CXX_FEATURE:0cxx_enum_forward_declarations
    Feature record: CXX_FEATURE:0cxx_explicit_conversions
    Feature record: CXX_FEATURE:0cxx_extended_friend_declarations
    Feature record: CXX_FEATURE:0cxx_extern_templates
    Feature record: CXX_FEATURE:0cxx_final
    Feature record: CXX_FEATURE:0cxx_func_identifier
    Feature record: CXX_FEATURE:0cxx_generalized_initializers
    Feature record: CXX_FEATURE:0cxx_generic_lambdas
    Feature record: CXX_FEATURE:0cxx_inheriting_constructors
    Feature record: CXX_FEATURE:0cxx_inline_namespaces
    Feature record: CXX_FEATURE:0cxx_lambdas
    Feature record: CXX_FEATURE:0cxx_lambda_init_captures
    Feature record: CXX_FEATURE:0cxx_local_type_template_args
    Feature record: CXX_FEATURE:0cxx_long_long_type
    Feature record: CXX_FEATURE:0cxx_noexcept
    Feature record: CXX_FEATURE:0cxx_nonstatic_member_init
    Feature record: CXX_FEATURE:0cxx_nullptr
    Feature record: CXX_FEATURE:0cxx_override
    Feature record: CXX_FEATURE:0cxx_range_for
    Feature record: CXX_FEATURE:0cxx_raw_string_literals
    Feature record: CXX_FEATURE:0cxx_reference_qualified_functions
    Feature record: CXX_FEATURE:0cxx_relaxed_constexpr
    Feature record: CXX_FEATURE:0cxx_return_type_deduction
    Feature record: CXX_FEATURE:0cxx_right_angle_brackets
    Feature record: CXX_FEATURE:0cxx_rvalue_references
    Feature record: CXX_FEATURE:0cxx_sizeof_member
    Feature record: CXX_FEATURE:0cxx_static_assert
    Feature record: CXX_FEATURE:0cxx_strong_enums
    Feature record: CXX_FEATURE:1cxx_template_template_parameters
    Feature record: CXX_FEATURE:0cxx_thread_local
    Feature record: CXX_FEATURE:0cxx_trailing_return_types
    Feature record: CXX_FEATURE:0cxx_unicode_literals
    Feature record: CXX_FEATURE:0cxx_uniform_initialization
    Feature record: CXX_FEATURE:0cxx_unrestricted_unions
    Feature record: CXX_FEATURE:0cxx_user_literals
    Feature record: CXX_FEATURE:0cxx_variable_templates
    Feature record: CXX_FEATURE:0cxx_variadic_macros
    Feature record: CXX_FEATURE:0cxx_variadic_templates
Determining if the CUDA compiler works passed with the following output:
Change Dir: /users/bblinn/pt_inv/build/CMakeFiles/CMakeTmp

Run Build Command:"/usr/bin/gmake" "cmTC_97638/fast"
/usr/bin/gmake -f CMakeFiles/cmTC_97638.dir/build.make CMakeFiles/cmTC_97638.dir/build
gmake[1]: Entering directory `/gpfs/home/bblinn/pt_inv/build/CMakeFiles/CMakeTmp'
Building CUDA object CMakeFiles/cmTC_97638.dir/main.cu.o
/gpfs/runtime/opt/cuda/11.1.1/cuda/bin/nvcc     -x cu -c /users/bblinn/pt_inv/build/CMakeFiles/CMakeTmp/main.cu -o CMakeFiles/cmTC_97638.dir/main.cu.o
Linking CUDA device code CMakeFiles/cmTC_97638.dir/cmake_device_link.o
/gpfs/rt/7.2/opt/cmake/3.10.1/bin/cmake -E cmake_link_script CMakeFiles/cmTC_97638.dir/dlink.txt --verbose=1
/gpfs/runtime/opt/cuda/11.1.1/cuda/bin/nvcc     -Xcompiler=-fPIC -Wno-deprecated-gpu-targets -shared -dlink CMakeFiles/cmTC_97638.dir/main.cu.o -o CMakeFiles/cmTC_97638.dir/cmake_device_link.o 
Linking CUDA executable cmTC_97638
/gpfs/rt/7.2/opt/cmake/3.10.1/bin/cmake -E cmake_link_script CMakeFiles/cmTC_97638.dir/link.txt --verbose=1
/usr/bin/g++    CMakeFiles/cmTC_97638.dir/main.cu.o CMakeFiles/cmTC_97638.dir/cmake_device_link.o -o cmTC_97638  -L"/gpfs/runtime/opt/cuda/11.1.1/cuda/targets/x86_64-linux/lib/stubs" -L"/gpfs/runtime/opt/cuda/11.1.1/cuda/targets/x86_64-linux/lib" -lcudadevrt -lcudart_static -lrt -lpthread -ldl
gmake[1]: Leaving directory `/gpfs/home/bblinn/pt_inv/build/CMakeFiles/CMakeTmp'


Detecting CUDA compiler ABI info compiled with the following output:
Change Dir: /users/bblinn/pt_inv/build/CMakeFiles/CMakeTmp

Run Build Command:"/usr/bin/gmake" "cmTC_5fbec/fast"
/usr/bin/gmake -f CMakeFiles/cmTC_5fbec.dir/build.make CMakeFiles/cmTC_5fbec.dir/build
gmake[1]: Entering directory `/gpfs/home/bblinn/pt_inv/build/CMakeFiles/CMakeTmp'
Building CUDA object CMakeFiles/cmTC_5fbec.dir/CMakeCUDACompilerABI.cu.o
/gpfs/runtime/opt/cuda/11.1.1/cuda/bin/nvcc     -x cu -c /gpfs/rt/7.2/opt/cmake/3.10.1/share/cmake-3.10/Modules/CMakeCUDACompilerABI.cu -o CMakeFiles/cmTC_5fbec.dir/CMakeCUDACompilerABI.cu.o
Linking CUDA device code CMakeFiles/cmTC_5fbec.dir/cmake_device_link.o
/gpfs/rt/7.2/opt/cmake/3.10.1/bin/cmake -E cmake_link_script CMakeFiles/cmTC_5fbec.dir/dlink.txt --verbose=1
/gpfs/runtime/opt/cuda/11.1.1/cuda/bin/nvcc     -Xcompiler=-fPIC -Wno-deprecated-gpu-targets -shared -dlink CMakeFiles/cmTC_5fbec.dir/CMakeCUDACompilerABI.cu.o -o CMakeFiles/cmTC_5fbec.dir/cmake_device_link.o 
Linking CUDA executable cmTC_5fbec
/gpfs/rt/7.2/opt/cmake/3.10.1/bin/cmake -E cmake_link_script CMakeFiles/cmTC_5fbec.dir/link.txt --verbose=1
/usr/bin/g++   -v CMakeFiles/cmTC_5fbec.dir/CMakeCUDACompilerABI.cu.o CMakeFiles/cmTC_5fbec.dir/cmake_device_link.o -o cmTC_5fbec  -L"/gpfs/runtime/opt/cuda/11.1.1/cuda/targets/x86_64-linux/lib/stubs" -L"/gpfs/runtime/opt/cuda/11.1.1/cuda/targets/x86_64-linux/lib" -lcudadevrt -lcudart_static -lrt -lpthread -ldl
Using built-in specs.
COLLECT_GCC=/usr/bin/g++
COLLECT_LTO_WRAPPER=/usr/libexec/gcc/x86_64-redhat-linux/4.8.5/lto-wrapper
Target: x86_64-redhat-linux
Configured with: ../configure --prefix=/usr --mandir=/usr/share/man --infodir=/usr/share/info --with-bugurl=http://bugzilla.redhat.com/bugzilla --enable-bootstrap --enable-shared --enable-threads=posix --enable-checking=release --with-system-zlib --enable-__cxa_atexit --disable-libunwind-exceptions --enable-gnu-unique-object --enable-linker-build-id --with-linker-hash-style=gnu --enable-languages=c,c++,objc,obj-c++,java,fortran,ada,go,lto --enable-plugin --enable-initfini-array --disable-libgcj --with-isl=/builddir/build/BUILD/gcc-4.8.5-20150702/obj-x86_64-redhat-linux/isl-install --with-cloog=/builddir/build/BUILD/gcc-4.8.5-20150702/obj-x86_64-redhat-linux/cloog-install --enable-gnu-indirect-function --with-tune=generic --with-arch_32=x86-64 --build=x86_64-redhat-linux
Thread model: posix
gcc version 4.8.5 20150623 (Red Hat 4.8.5-39) (GCC) 
COMPILER_PATH=/usr/libexec/gcc/x86_64-redhat-linux/4.8.5/:/usr/libexec/gcc/x86_64-redhat-linux/4.8.5/:/usr/libexec/gcc/x86_64-redhat-linux/:/usr/lib/gcc/x86_64-redhat-linux/4.8.5/:/usr/lib/gcc/x86_64-redhat-linux/
LIBRARY_PATH=/usr/lib/gcc/x86_64-redhat-linux/4.8.5/:/usr/lib/gcc/x86_64-redhat-linux/4.8.5/../../../../lib64/:/lib/../lib64/:/usr/lib/../lib64/:/gpfs/runtime/opt/cuda/11.1.1/cuda/lib64/:/gpfs/runtime/opt/anaconda/2020.02/lib/:/gpfs/runtime/opt/intel/2017.0/lib/intel64/:/gpfs/runtime/opt/intel/2017.0/mkl/lib/intel64/:/gpfs/runtime/opt/python/2.7.12/lib/:/usr/lib/gcc/x86_64-redhat-linux/4.8.5/../../../:/lib/:/usr/lib/
COLLECT_GCC_OPTIONS='-v' '-o' 'cmTC_5fbec' '-L/gpfs/runtime/opt/cuda/11.1.1/cuda/targets/x86_64-linux/lib/stubs' '-L/gpfs/runtime/opt/cuda/11.1.1/cuda/targets/x86_64-linux/lib' '-shared-libgcc' '-mtune=generic' '-march=x86-64'
 /usr/libexec/gcc/x86_64-redhat-linux/4.8.5/collect2 --build-id --no-add-needed --eh-frame-hdr --hash-style=gnu -m elf_x86_64 -dynamic-linker /lib64/ld-linux-x86-64.so.2 -o cmTC_5fbec /usr/lib/gcc/x86_64-redhat-linux/4.8.5/../../../../lib64/crt1.o /usr/lib/gcc/x86_64-redhat-linux/4.8.5/../../../../lib64/crti.o /usr/lib/gcc/x86_64-redhat-linux/4.8.5/crtbegin.o -L/gpfs/runtime/opt/cuda/11.1.1/cuda/targets/x86_64-linux/lib/stubs -L/gpfs/runtime/opt/cuda/11.1.1/cuda/targets/x86_64-linux/lib -L/usr/lib/gcc/x86_64-redhat-linux/4.8.5 -L/usr/lib/gcc/x86_64-redhat-linux/4.8.5/../../../../lib64 -L/lib/../lib64 -L/usr/lib/../lib64 -L/gpfs/runtime/opt/cuda/11.1.1/cuda/lib64 -L/gpfs/runtime/opt/anaconda/2020.02/lib -L/gpfs/runtime/opt/intel/2017.0/lib/intel64 -L/gpfs/runtime/opt/intel/2017.0/mkl/lib/intel64 -L/gpfs/runtime/opt/python/2.7.12/lib -L/usr/lib/gcc/x86_64-redhat-linux/4.8.5/../../.. CMakeFiles/cmTC_5fbec.dir/CMakeCUDACompilerABI.cu.o CMakeFiles/cmTC_5fbec.dir/cmake_device_link.o -lcudadevrt -lcudart_static -lrt -lpthread -ldl -lstdc++ -lm -lgcc_s -lgcc -lc -lgcc_s -lgcc /usr/lib/gcc/x86_64-redhat-linux/4.8.5/crtend.o /usr/lib/gcc/x86_64-redhat-linux/4.8.5/../../../../lib64/crtn.o
gmake[1]: Leaving directory `/gpfs/home/bblinn/pt_inv/build/CMakeFiles/CMakeTmp'


Parsed CUDA implicit link information from above output:
  link line regex: [^( *|.*[/\])(ld|CMAKE_LINK_STARTFILE-NOTFOUND|([^/\]+-)?ld|collect2)[^/\]*( |$)]
  ignore line: [Change Dir: /users/bblinn/pt_inv/build/CMakeFiles/CMakeTmp]
  ignore line: []
  ignore line: [Run Build Command:"/usr/bin/gmake" "cmTC_5fbec/fast"]
  ignore line: [/usr/bin/gmake -f CMakeFiles/cmTC_5fbec.dir/build.make CMakeFiles/cmTC_5fbec.dir/build]
  ignore line: [gmake[1]: Entering directory `/gpfs/home/bblinn/pt_inv/build/CMakeFiles/CMakeTmp']
  ignore line: [Building CUDA object CMakeFiles/cmTC_5fbec.dir/CMakeCUDACompilerABI.cu.o]
  ignore line: [/gpfs/runtime/opt/cuda/11.1.1/cuda/bin/nvcc     -x cu -c /gpfs/rt/7.2/opt/cmake/3.10.1/share/cmake-3.10/Modules/CMakeCUDACompilerABI.cu -o CMakeFiles/cmTC_5fbec.dir/CMakeCUDACompilerABI.cu.o]
  ignore line: [Linking CUDA device code CMakeFiles/cmTC_5fbec.dir/cmake_device_link.o]
  ignore line: [/gpfs/rt/7.2/opt/cmake/3.10.1/bin/cmake -E cmake_link_script CMakeFiles/cmTC_5fbec.dir/dlink.txt --verbose=1]
  ignore line: [/gpfs/runtime/opt/cuda/11.1.1/cuda/bin/nvcc     -Xcompiler=-fPIC -Wno-deprecated-gpu-targets -shared -dlink CMakeFiles/cmTC_5fbec.dir/CMakeCUDACompilerABI.cu.o -o CMakeFiles/cmTC_5fbec.dir/cmake_device_link.o ]
  ignore line: [Linking CUDA executable cmTC_5fbec]
  ignore line: [/gpfs/rt/7.2/opt/cmake/3.10.1/bin/cmake -E cmake_link_script CMakeFiles/cmTC_5fbec.dir/link.txt --verbose=1]
  ignore line: [/usr/bin/g++   -v CMakeFiles/cmTC_5fbec.dir/CMakeCUDACompilerABI.cu.o CMakeFiles/cmTC_5fbec.dir/cmake_device_link.o -o cmTC_5fbec  -L"/gpfs/runtime/opt/cuda/11.1.1/cuda/targets/x86_64-linux/lib/stubs" -L"/gpfs/runtime/opt/cuda/11.1.1/cuda/targets/x86_64-linux/lib" -lcudadevrt -lcudart_static -lrt -lpthread -ldl]
  ignore line: [Using built-in specs.]
  ignore line: [COLLECT_GCC=/usr/bin/g++]
  ignore line: [COLLECT_LTO_WRAPPER=/usr/libexec/gcc/x86_64-redhat-linux/4.8.5/lto-wrapper]
  ignore line: [Target: x86_64-redhat-linux]
  ignore line: [Configured with: ../configure --prefix=/usr --mandir=/usr/share/man --infodir=/usr/share/info --with-bugurl=http://bugzilla.redhat.com/bugzilla --enable-bootstrap --enable-shared --enable-threads=posix --enable-checking=release --with-system-zlib --enable-__cxa_atexit --disable-libunwind-exceptions --enable-gnu-unique-object --enable-linker-build-id --with-linker-hash-style=gnu --enable-languages=c,c++,objc,obj-c++,java,fortran,ada,go,lto --enable-plugin --enable-initfini-array --disable-libgcj --with-isl=/builddir/build/BUILD/gcc-4.8.5-20150702/obj-x86_64-redhat-linux/isl-install --with-cloog=/builddir/build/BUILD/gcc-4.8.5-20150702/obj-x86_64-redhat-linux/cloog-install --enable-gnu-indirect-function --with-tune=generic --with-arch_32=x86-64 --build=x86_64-redhat-linux]
  ignore line: [Thread model: posix]
  ignore line: [gcc version 4.8.5 20150623 (Red Hat 4.8.5-39) (GCC) ]
  ignore line: [COMPILER_PATH=/usr/libexec/gcc/x86_64-redhat-linux/4.8.5/:/usr/libexec/gcc/x86_64-redhat-linux/4.8.5/:/usr/libexec/gcc/x86_64-redhat-linux/:/usr/lib/gcc/x86_64-redhat-linux/4.8.5/:/usr/lib/gcc/x86_64-redhat-linux/]
  ignore line: [LIBRARY_PATH=/usr/lib/gcc/x86_64-redhat-linux/4.8.5/:/usr/lib/gcc/x86_64-redhat-linux/4.8.5/../../../../lib64/:/lib/../lib64/:/usr/lib/../lib64/:/gpfs/runtime/opt/cuda/11.1.1/cuda/lib64/:/gpfs/runtime/opt/anaconda/2020.02/lib/:/gpfs/runtime/opt/intel/2017.0/lib/intel64/:/gpfs/runtime/opt/intel/2017.0/mkl/lib/intel64/:/gpfs/runtime/opt/python/2.7.12/lib/:/usr/lib/gcc/x86_64-redhat-linux/4.8.5/../../../:/lib/:/usr/lib/]
  ignore line: [COLLECT_GCC_OPTIONS='-v' '-o' 'cmTC_5fbec' '-L/gpfs/runtime/opt/cuda/11.1.1/cuda/targets/x86_64-linux/lib/stubs' '-L/gpfs/runtime/opt/cuda/11.1.1/cuda/targets/x86_64-linux/lib' '-shared-libgcc' '-mtune=generic' '-march=x86-64']
  link line: [ /usr/libexec/gcc/x86_64-redhat-linux/4.8.5/collect2 --build-id --no-add-needed --eh-frame-hdr --hash-style=gnu -m elf_x86_64 -dynamic-linker /lib64/ld-linux-x86-64.so.2 -o cmTC_5fbec /usr/lib/gcc/x86_64-redhat-linux/4.8.5/../../../../lib64/crt1.o /usr/lib/gcc/x86_64-redhat-linux/4.8.5/../../../../lib64/crti.o /usr/lib/gcc/x86_64-redhat-linux/4.8.5/crtbegin.o -L/gpfs/runtime/opt/cuda/11.1.1/cuda/targets/x86_64-linux/lib/stubs -L/gpfs/runtime/opt/cuda/11.1.1/cuda/targets/x86_64-linux/lib -L/usr/lib/gcc/x86_64-redhat-linux/4.8.5 -L/usr/lib/gcc/x86_64-redhat-linux/4.8.5/../../../../lib64 -L/lib/../lib64 -L/usr/lib/../lib64 -L/gpfs/runtime/opt/cuda/11.1.1/cuda/lib64 -L/gpfs/runtime/opt/anaconda/2020.02/lib -L/gpfs/runtime/opt/intel/2017.0/lib/intel64 -L/gpfs/runtime/opt/intel/2017.0/mkl/lib/intel64 -L/gpfs/runtime/opt/python/2.7.12/lib -L/usr/lib/gcc/x86_64-redhat-linux/4.8.5/../../.. CMakeFiles/cmTC_5fbec.dir/CMakeCUDACompilerABI.cu.o CMakeFiles/cmTC_5fbec.dir/cmake_device_link.o -lcudadevrt -lcudart_static -lrt -lpthread -ldl -lstdc++ -lm -lgcc_s -lgcc -lc -lgcc_s -lgcc /usr/lib/gcc/x86_64-redhat-linux/4.8.5/crtend.o /usr/lib/gcc/x86_64-redhat-linux/4.8.5/../../../../lib64/crtn.o]
    arg [/usr/libexec/gcc/x86_64-redhat-linux/4.8.5/collect2] ==> ignore
    arg [--build-id] ==> ignore
    arg [--no-add-needed] ==> ignore
    arg [--eh-frame-hdr] ==> ignore
    arg [--hash-style=gnu] ==> ignore
    arg [-m] ==> ignore
    arg [elf_x86_64] ==> ignore
    arg [-dynamic-linker] ==> ignore
    arg [/lib64/ld-linux-x86-64.so.2] ==> ignore
    arg [-o] ==> ignore
    arg [cmTC_5fbec] ==> ignore
    arg [/usr/lib/gcc/x86_64-redhat-linux/4.8.5/../../../../lib64/crt1.o] ==> ignore
    arg [/usr/lib/gcc/x86_64-redhat-linux/4.8.5/../../../../lib64/crti.o] ==> ignore
    arg [/usr/lib/gcc/x86_64-redhat-linux/4.8.5/crtbegin.o] ==> ignore
    arg [-L/gpfs/runtime/opt/cuda/11.1.1/cuda/targets/x86_64-linux/lib/stubs] ==> dir [/gpfs/runtime/opt/cuda/11.1.1/cuda/targets/x86_64-linux/lib/stubs]
    arg [-L/gpfs/runtime/opt/cuda/11.1.1/cuda/targets/x86_64-linux/lib] ==> dir [/gpfs/runtime/opt/cuda/11.1.1/cuda/targets/x86_64-linux/lib]
    arg [-L/usr/lib/gcc/x86_64-redhat-linux/4.8.5] ==> dir [/usr/lib/gcc/x86_64-redhat-linux/4.8.5]
    arg [-L/usr/lib/gcc/x86_64-redhat-linux/4.8.5/../../../../lib64] ==> dir [/usr/lib/gcc/x86_64-redhat-linux/4.8.5/../../../../lib64]
    arg [-L/lib/../lib64] ==> dir [/lib/../lib64]
    arg [-L/usr/lib/../lib64] ==> dir [/usr/lib/../lib64]
    arg [-L/gpfs/runtime/opt/cuda/11.1.1/cuda/lib64] ==> dir [/gpfs/runtime/opt/cuda/11.1.1/cuda/lib64]
    arg [-L/gpfs/runtime/opt/anaconda/2020.02/lib] ==> dir [/gpfs/runtime/opt/anaconda/2020.02/lib]
    arg [-L/gpfs/runtime/opt/intel/2017.0/lib/intel64] ==> dir [/gpfs/runtime/opt/intel/2017.0/lib/intel64]
    arg [-L/gpfs/runtime/opt/intel/2017.0/mkl/lib/intel64] ==> dir [/gpfs/runtime/opt/intel/2017.0/mkl/lib/intel64]
    arg [-L/gpfs/runtime/opt/python/2.7.12/lib] ==> dir [/gpfs/runtime/opt/python/2.7.12/lib]
    arg [-L/usr/lib/gcc/x86_64-redhat-linux/4.8.5/../../..] ==> dir [/usr/lib/gcc/x86_64-redhat-linux/4.8.5/../../..]
    arg [CMakeFiles/cmTC_5fbec.dir/CMakeCUDACompilerABI.cu.o] ==> ignore
    arg [CMakeFiles/cmTC_5fbec.dir/cmake_device_link.o] ==> ignore
    arg [-lcudadevrt] ==> lib [cudadevrt]
    arg [-lcudart_static] ==> lib [cudart_static]
    arg [-lrt] ==> lib [rt]
    arg [-lpthread] ==> lib [pthread]
    arg [-ldl] ==> lib [dl]
    arg [-lstdc++] ==> lib [stdc++]
    arg [-lm] ==> lib [m]
    arg [-lgcc_s] ==> lib [gcc_s]
    arg [-lgcc] ==> lib [gcc]
    arg [-lc] ==> lib [c]
    arg [-lgcc_s] ==> lib [gcc_s]
    arg [-lgcc] ==> lib [gcc]
    arg [/usr/lib/gcc/x86_64-redhat-linux/4.8.5/crtend.o] ==> ignore
    arg [/usr/lib/gcc/x86_64-redhat-linux/4.8.5/../../../../lib64/crtn.o] ==> ignore
  collapse library dir [/gpfs/runtime/opt/cuda/11.1.1/cuda/targets/x86_64-linux/lib/stubs] ==> [/gpfs/runtime/opt/cuda/11.1.1/cuda/targets/x86_64-linux/lib/stubs]
  collapse library dir [/gpfs/runtime/opt/cuda/11.1.1/cuda/targets/x86_64-linux/lib] ==> [/gpfs/runtime/opt/cuda/11.1.1/cuda/targets/x86_64-linux/lib]
  collapse library dir [/usr/lib/gcc/x86_64-redhat-linux/4.8.5] ==> [/usr/lib/gcc/x86_64-redhat-linux/4.8.5]
  collapse library dir [/usr/lib/gcc/x86_64-redhat-linux/4.8.5/../../../../lib64] ==> [/usr/lib64]
  collapse library dir [/lib/../lib64] ==> [/lib64]
  collapse library dir [/usr/lib/../lib64] ==> [/usr/lib64]
  collapse library dir [/gpfs/runtime/opt/cuda/11.1.1/cuda/lib64] ==> [/gpfs/runtime/opt/cuda/11.1.1/cuda/lib64]
  collapse library dir [/gpfs/runtime/opt/anaconda/2020.02/lib] ==> [/gpfs/runtime/opt/anaconda/2020.02/lib]
  collapse library dir [/gpfs/runtime/opt/intel/2017.0/lib/intel64] ==> [/gpfs/runtime/opt/intel/2017.0/lib/intel64]
  collapse library dir [/gpfs/runtime/opt/intel/2017.0/mkl/lib/intel64] ==> [/gpfs/runtime/opt/intel/2017.0/mkl/lib/intel64]
  collapse library dir [/gpfs/runtime/opt/python/2.7.12/lib] ==> [/gpfs/runtime/opt/python/2.7.12/lib]
  collapse library dir [/usr/lib/gcc/x86_64-redhat-linux/4.8.5/../../..] ==> [/usr/lib]
  implicit libs: [cudadevrt;cudart_static;rt;pthread;dl;stdc++;m;gcc_s;gcc;c;gcc_s;gcc]
  implicit dirs: [/gpfs/runtime/opt/cuda/11.1.1/cuda/targets/x86_64-linux/lib/stubs;/gpfs/runtime/opt/cuda/11.1.1/cuda/targets/x86_64-linux/lib;/usr/lib/gcc/x86_64-redhat-linux/4.8.5;/usr/lib64;/lib64;/gpfs/runtime/opt/cuda/11.1.1/cuda/lib64;/gpfs/runtime/opt/anaconda/2020.02/lib;/gpfs/runtime/opt/intel/2017.0/lib/intel64;/gpfs/runtime/opt/intel/2017.0/mkl/lib/intel64;/gpfs/runtime/opt/python/2.7.12/lib;/usr/lib]
  implicit fwks: []


